<?xml version="1.0" encoding="UTF-8"?>
<!-- Generated by org.testng.reporters.JUnitXMLReporter -->
<testsuite ignored="0" hostname="Brajesh" failures="0" tests="4" name="Default test" time="188.34" errors="0" timestamp="2024-03-28T23:26:06 IST">
  <testcase classname="Bizportals.TestCases.WebPartsTestCases.TestBizportalsHeadliner" name="createNewEntry" time="53.755"/>
  <testcase classname="Bizportals.TestCases.WebPartsTestCases.TestBizportalsHeadliner" name="editEntry" time="38.614"/>
  <testcase classname="Bizportals.TestCases.WebPartsTestCases.TestBizportalsHeadliner" name="editEntryViewForm" time="37.016"/>
  <testcase classname="Bizportals.TestCases.WebPartsTestCases.TestBizportalsHeadliner" name="deleteEntry" time="40.505"/>
</testsuite> <!-- Default test -->
